// =======================================================
var idAdobeScriptAutomationScripts = stringIDToTypeID( "AdobeScriptAutomation Scripts" );
    var desc1 = new ActionDescriptor();
    var idjsNm = charIDToTypeID( "jsNm" );
    desc1.putString( idjsNm, """ScriptListenerOn""" );
    var idjsMs = charIDToTypeID( "jsMs" );
    desc1.putString( idjsMs, """[ActionDescriptor]""" );
executeAction( idAdobeScriptAutomationScripts, desc1, DialogModes.NO );

// =======================================================
var idMk = charIDToTypeID( "Mk  " );
    var desc2 = new ActionDescriptor();
    var idNw = charIDToTypeID( "Nw  " );
    var idChnl = charIDToTypeID( "Chnl" );
    desc2.putClass( idNw, idChnl );
    var idAt = charIDToTypeID( "At  " );
        var ref1 = new ActionReference();
        var idChnl = charIDToTypeID( "Chnl" );
        var idChnl = charIDToTypeID( "Chnl" );
        var idMsk = charIDToTypeID( "Msk " );
        ref1.putEnumerated( idChnl, idChnl, idMsk );
    desc2.putReference( idAt, ref1 );
    var idUsng = charIDToTypeID( "Usng" );
    var idUsrM = charIDToTypeID( "UsrM" );
    var idRvlS = charIDToTypeID( "RvlS" );
    desc2.putEnumerated( idUsng, idUsrM, idRvlS );
executeAction( idMk, desc2, DialogModes.NO );

// =======================================================
var idAdobeScriptAutomationScripts = stringIDToTypeID( "AdobeScriptAutomation Scripts" );
    var desc1 = new ActionDescriptor();
    var idjsNm = charIDToTypeID( "jsNm" );
    desc1.putString( idjsNm, """ScriptListenerOn""" );
    var idjsMs = charIDToTypeID( "jsMs" );
    desc1.putString( idjsMs, """[ActionDescriptor]""" );
executeAction( idAdobeScriptAutomationScripts, desc1, DialogModes.NO );

// =======================================================
var idExpr = charIDToTypeID( "Expr" );
    var desc2 = new ActionDescriptor();
    var idUsng = charIDToTypeID( "Usng" );
        var desc3 = new ActionDescriptor();
        var idOp = charIDToTypeID( "Op  " );
        var idSWOp = charIDToTypeID( "SWOp" );
        var idOpSa = charIDToTypeID( "OpSa" );
        desc3.putEnumerated( idOp, idSWOp, idOpSa );
        var idDIDr = charIDToTypeID( "DIDr" );
        desc3.putBoolean( idDIDr, true );
        var idIn = charIDToTypeID( "In  " );
        desc3.putPath( idIn, new File( "/Users/kichikawa/Desktop" ) );
        var idFmt = charIDToTypeID( "Fmt " );
        var idIRFm = charIDToTypeID( "IRFm" );
        var idJPEG = charIDToTypeID( "JPEG" );
        desc3.putEnumerated( idFmt, idIRFm, idJPEG );
        var idIntr = charIDToTypeID( "Intr" );
        desc3.putBoolean( idIntr, false );
        var idQlty = charIDToTypeID( "Qlty" );
        desc3.putInteger( idQlty, 100 );
        var idQChS = charIDToTypeID( "QChS" );
        desc3.putInteger( idQChS, 0 );
        var idQCUI = charIDToTypeID( "QCUI" );
        desc3.putInteger( idQCUI, 0 );
        var idQChT = charIDToTypeID( "QChT" );
        desc3.putBoolean( idQChT, false );
        var idQChV = charIDToTypeID( "QChV" );
        desc3.putBoolean( idQChV, false );
        var idOptm = charIDToTypeID( "Optm" );
        desc3.putBoolean( idOptm, true );
        var idPass = charIDToTypeID( "Pass" );
        desc3.putInteger( idPass, 1 );
        var idblur = charIDToTypeID( "blur" );
        desc3.putDouble( idblur, 0.000000 );
        var idMtt = charIDToTypeID( "Mtt " );
        desc3.putBoolean( idMtt, true );
        var idEICC = charIDToTypeID( "EICC" );
        desc3.putBoolean( idEICC, false );
        var idMttR = charIDToTypeID( "MttR" );
        desc3.putInteger( idMttR, 255 );
        var idMttG = charIDToTypeID( "MttG" );
        desc3.putInteger( idMttG, 255 );
        var idMttB = charIDToTypeID( "MttB" );
        desc3.putInteger( idMttB, 255 );
        var idSHTM = charIDToTypeID( "SHTM" );
        desc3.putBoolean( idSHTM, false );
        var idSImg = charIDToTypeID( "SImg" );
        desc3.putBoolean( idSImg, true );
        var idSWsl = charIDToTypeID( "SWsl" );
        var idSTsl = charIDToTypeID( "STsl" );
        var idSLUs = charIDToTypeID( "SLUs" );
        desc3.putEnumerated( idSWsl, idSTsl, idSLUs );
        var idSWch = charIDToTypeID( "SWch" );
        var idSTch = charIDToTypeID( "STch" );
        var idCHDc = charIDToTypeID( "CHDc" );
        desc3.putEnumerated( idSWch, idSTch, idCHDc );
        var idSWmd = charIDToTypeID( "SWmd" );
        var idSTmd = charIDToTypeID( "STmd" );
        var idMDNn = charIDToTypeID( "MDNn" );
        desc3.putEnumerated( idSWmd, idSTmd, idMDNn );
        var idohXH = charIDToTypeID( "ohXH" );
        desc3.putBoolean( idohXH, false );
        var idohIC = charIDToTypeID( "ohIC" );
        desc3.putBoolean( idohIC, true );
        var idohAA = charIDToTypeID( "ohAA" );
        desc3.putBoolean( idohAA, true );
        var idohQA = charIDToTypeID( "ohQA" );
        desc3.putBoolean( idohQA, true );
        var idohCA = charIDToTypeID( "ohCA" );
        desc3.putBoolean( idohCA, false );
        var idohIZ = charIDToTypeID( "ohIZ" );
        desc3.putBoolean( idohIZ, true );
        var idohTC = charIDToTypeID( "ohTC" );
        var idSToc = charIDToTypeID( "SToc" );
        var idOCzerothree = charIDToTypeID( "OC03" );
        desc3.putEnumerated( idohTC, idSToc, idOCzerothree );
        var idohAC = charIDToTypeID( "ohAC" );
        var idSToc = charIDToTypeID( "SToc" );
        var idOCzerothree = charIDToTypeID( "OC03" );
        desc3.putEnumerated( idohAC, idSToc, idOCzerothree );
        var idohIn = charIDToTypeID( "ohIn" );
        desc3.putInteger( idohIn, -1 );
        var idohLE = charIDToTypeID( "ohLE" );
        var idSTle = charIDToTypeID( "STle" );
        var idLEzerothree = charIDToTypeID( "LE03" );
        desc3.putEnumerated( idohLE, idSTle, idLEzerothree );
        var idohEn = charIDToTypeID( "ohEn" );
        var idSTen = charIDToTypeID( "STen" );
        var idENzerozero = charIDToTypeID( "EN00" );
        desc3.putEnumerated( idohEn, idSTen, idENzerozero );
        var idolCS = charIDToTypeID( "olCS" );
        desc3.putBoolean( idolCS, true );
        var idolSF = charIDToTypeID( "olSF" );
        var idSTsf = charIDToTypeID( "STsf" );
        var idSFzerozero = charIDToTypeID( "SF00" );
        desc3.putEnumerated( idolSF, idSTsf, idSFzerozero );
        var idolNC = charIDToTypeID( "olNC" );
            var list1 = new ActionList();
                var desc4 = new ActionDescriptor();
                var idncTp = charIDToTypeID( "ncTp" );
                var idSTnc = charIDToTypeID( "STnc" );
                var idNCzerozero = charIDToTypeID( "NC00" );
                desc4.putEnumerated( idncTp, idSTnc, idNCzerozero );
            var idSCnc = charIDToTypeID( "SCnc" );
            list1.putObject( idSCnc, desc4 );
                var desc5 = new ActionDescriptor();
                var idncTp = charIDToTypeID( "ncTp" );
                var idSTnc = charIDToTypeID( "STnc" );
                var idNCtwofour = charIDToTypeID( "NC24" );
                desc5.putEnumerated( idncTp, idSTnc, idNCtwofour );
            var idSCnc = charIDToTypeID( "SCnc" );
            list1.putObject( idSCnc, desc5 );
                var desc6 = new ActionDescriptor();
                var idncTp = charIDToTypeID( "ncTp" );
                var idSTnc = charIDToTypeID( "STnc" );
                var idNCtwofour = charIDToTypeID( "NC24" );
                desc6.putEnumerated( idncTp, idSTnc, idNCtwofour );
            var idSCnc = charIDToTypeID( "SCnc" );
            list1.putObject( idSCnc, desc6 );
                var desc7 = new ActionDescriptor();
                var idncTp = charIDToTypeID( "ncTp" );
                var idSTnc = charIDToTypeID( "STnc" );
                var idNCtwofour = charIDToTypeID( "NC24" );
                desc7.putEnumerated( idncTp, idSTnc, idNCtwofour );
            var idSCnc = charIDToTypeID( "SCnc" );
            list1.putObject( idSCnc, desc7 );
                var desc8 = new ActionDescriptor();
                var idncTp = charIDToTypeID( "ncTp" );
                var idSTnc = charIDToTypeID( "STnc" );
                var idNCtwofour = charIDToTypeID( "NC24" );
                desc8.putEnumerated( idncTp, idSTnc, idNCtwofour );
            var idSCnc = charIDToTypeID( "SCnc" );
            list1.putObject( idSCnc, desc8 );
                var desc9 = new ActionDescriptor();
                var idncTp = charIDToTypeID( "ncTp" );
                var idSTnc = charIDToTypeID( "STnc" );
                var idNCtwofour = charIDToTypeID( "NC24" );
                desc9.putEnumerated( idncTp, idSTnc, idNCtwofour );
            var idSCnc = charIDToTypeID( "SCnc" );
            list1.putObject( idSCnc, desc9 );
        desc3.putList( idolNC, list1 );
        var idobIA = charIDToTypeID( "obIA" );
        desc3.putBoolean( idobIA, false );
        var idobIP = charIDToTypeID( "obIP" );
        desc3.putString( idobIP, """""" );
        var idobCS = charIDToTypeID( "obCS" );
        var idSTcs = charIDToTypeID( "STcs" );
        var idCSzeroone = charIDToTypeID( "CS01" );
        desc3.putEnumerated( idobCS, idSTcs, idCSzeroone );
        var idovNC = charIDToTypeID( "ovNC" );
            var list2 = new ActionList();
                var desc10 = new ActionDescriptor();
                var idncTp = charIDToTypeID( "ncTp" );
                var idSTnc = charIDToTypeID( "STnc" );
                var idNCzeroone = charIDToTypeID( "NC01" );
                desc10.putEnumerated( idncTp, idSTnc, idNCzeroone );
            var idSCnc = charIDToTypeID( "SCnc" );
            list2.putObject( idSCnc, desc10 );
                var desc11 = new ActionDescriptor();
                var idncTp = charIDToTypeID( "ncTp" );
                var idSTnc = charIDToTypeID( "STnc" );
                var idNCtwofour = charIDToTypeID( "NC24" );
                desc11.putEnumerated( idncTp, idSTnc, idNCtwofour );
            var idSCnc = charIDToTypeID( "SCnc" );
            list2.putObject( idSCnc, desc11 );
                var desc12 = new ActionDescriptor();
                var idncTp = charIDToTypeID( "ncTp" );
                var idSTnc = charIDToTypeID( "STnc" );
                var idNCtwofour = charIDToTypeID( "NC24" );
                desc12.putEnumerated( idncTp, idSTnc, idNCtwofour );
            var idSCnc = charIDToTypeID( "SCnc" );
            list2.putObject( idSCnc, desc12 );
                var desc13 = new ActionDescriptor();
                var idncTp = charIDToTypeID( "ncTp" );
                var idSTnc = charIDToTypeID( "STnc" );
                var idNCtwofour = charIDToTypeID( "NC24" );
                desc13.putEnumerated( idncTp, idSTnc, idNCtwofour );
            var idSCnc = charIDToTypeID( "SCnc" );
            list2.putObject( idSCnc, desc13 );
                var desc14 = new ActionDescriptor();
                var idncTp = charIDToTypeID( "ncTp" );
                var idSTnc = charIDToTypeID( "STnc" );
                var idNCtwofour = charIDToTypeID( "NC24" );
                desc14.putEnumerated( idncTp, idSTnc, idNCtwofour );
            var idSCnc = charIDToTypeID( "SCnc" );
            list2.putObject( idSCnc, desc14 );
                var desc15 = new ActionDescriptor();
                var idncTp = charIDToTypeID( "ncTp" );
                var idSTnc = charIDToTypeID( "STnc" );
                var idNCtwofour = charIDToTypeID( "NC24" );
                desc15.putEnumerated( idncTp, idSTnc, idNCtwofour );
            var idSCnc = charIDToTypeID( "SCnc" );
            list2.putObject( idSCnc, desc15 );
                var desc16 = new ActionDescriptor();
                var idncTp = charIDToTypeID( "ncTp" );
                var idSTnc = charIDToTypeID( "STnc" );
                var idNCtwofour = charIDToTypeID( "NC24" );
                desc16.putEnumerated( idncTp, idSTnc, idNCtwofour );
            var idSCnc = charIDToTypeID( "SCnc" );
            list2.putObject( idSCnc, desc16 );
                var desc17 = new ActionDescriptor();
                var idncTp = charIDToTypeID( "ncTp" );
                var idSTnc = charIDToTypeID( "STnc" );
                var idNCtwofour = charIDToTypeID( "NC24" );
                desc17.putEnumerated( idncTp, idSTnc, idNCtwofour );
            var idSCnc = charIDToTypeID( "SCnc" );
            list2.putObject( idSCnc, desc17 );
                var desc18 = new ActionDescriptor();
                var idncTp = charIDToTypeID( "ncTp" );
                var idSTnc = charIDToTypeID( "STnc" );
                var idNCtwotwo = charIDToTypeID( "NC22" );
                desc18.putEnumerated( idncTp, idSTnc, idNCtwotwo );
            var idSCnc = charIDToTypeID( "SCnc" );
            list2.putObject( idSCnc, desc18 );
        desc3.putList( idovNC, list2 );
        var idovCM = charIDToTypeID( "ovCM" );
        desc3.putBoolean( idovCM, false );
        var idovCW = charIDToTypeID( "ovCW" );
        desc3.putBoolean( idovCW, true );
        var idovCU = charIDToTypeID( "ovCU" );
        desc3.putBoolean( idovCU, true );
        var idovSF = charIDToTypeID( "ovSF" );
        desc3.putBoolean( idovSF, true );
        var idovCB = charIDToTypeID( "ovCB" );
        desc3.putBoolean( idovCB, false );
        var idovSN = charIDToTypeID( "ovSN" );
        desc3.putString( idovSN, """""" );
    var idSaveForWeb = stringIDToTypeID( "SaveForWeb" );
    desc2.putObject( idUsng, idSaveForWeb, desc3 );
executeAction( idExpr, desc2, DialogModes.NO );

